AH00558: apache2: Could not reliably determine the server's fully qualified domain name, using 172.18.0.3. Set the 'ServerName' directive globally to suppress this message
[Sat Apr 25 16:14:14.937949 2020] [mpm_prefork:notice] [pid 1] AH00163: Apache/2.4.38 (Debian) PHP/7.2.27 configured -- resuming normal operations
[Sat Apr 25 16:14:14.937983 2020] [core:notice] [pid 1] AH00094: Command line: 'apache2 -D FOREGROUND'
[Sat Apr 25 20:48:52.762440 2020] [mpm_prefork:notice] [pid 1] AH00170: caught SIGWINCH, shutting down gracefully
AH00558: apache2: Could not reliably determine the server's fully qualified domain name, using 172.18.0.3. Set the 'ServerName' directive globally to suppress this message
[Sat Apr 25 20:49:02.342199 2020] [mpm_prefork:notice] [pid 1] AH00163: Apache/2.4.38 (Debian) PHP/7.2.27 configured -- resuming normal operations
[Sat Apr 25 20:49:02.342267 2020] [core:notice] [pid 1] AH00094: Command line: 'apache2 -D FOREGROUND'
[Sat Apr 25 21:30:09.591563 2020] [mpm_prefork:notice] [pid 1] AH00170: caught SIGWINCH, shutting down gracefully
AH00558: apache2: Could not reliably determine the server's fully qualified domain name, using 172.19.0.3. Set the 'ServerName' directive globally to suppress this message
[Tue Apr 28 21:44:47.250894 2020] [mpm_prefork:notice] [pid 1] AH00163: Apache/2.4.38 (Debian) PHP/7.4.0 configured -- resuming normal operations
[Tue Apr 28 21:44:47.250933 2020] [core:notice] [pid 1] AH00094: Command line: 'apache2 -D FOREGROUND'
[Tue Apr 28 22:43:17.202922 2020] [mpm_prefork:notice] [pid 1] AH00170: caught SIGWINCH, shutting down gracefully
AH00558: apache2: Could not reliably determine the server's fully qualified domain name, using 172.19.0.4. Set the 'ServerName' directive globally to suppress this message
[Wed Apr 29 00:41:45.283680 2020] [mpm_prefork:notice] [pid 1] AH00163: Apache/2.4.38 (Debian) PHP/7.4.0 configured -- resuming normal operations
[Wed Apr 29 00:41:45.283725 2020] [core:notice] [pid 1] AH00094: Command line: 'apache2 -D FOREGROUND'
[Wed Apr 29 00:42:07.729096 2020] [mpm_prefork:notice] [pid 1] AH00170: caught SIGWINCH, shutting down gracefully
AH00558: apache2: Could not reliably determine the server's fully qualified domain name, using 172.19.0.4. Set the 'ServerName' directive globally to suppress this message
[Wed Apr 29 20:19:43.153037 2020] [mpm_prefork:notice] [pid 1] AH00163: Apache/2.4.38 (Debian) PHP/7.4.0 configured -- resuming normal operations
[Wed Apr 29 20:19:43.153081 2020] [core:notice] [pid 1] AH00094: Command line: 'apache2 -D FOREGROUND'
[Wed Apr 29 22:23:28.737916 2020] [mpm_prefork:notice] [pid 1] AH00170: caught SIGWINCH, shutting down gracefully
AH00558: apache2: Could not reliably determine the server's fully qualified domain name, using 172.20.0.4. Set the 'ServerName' directive globally to suppress this message
[Wed May 06 18:04:18.371094 2020] [mpm_prefork:notice] [pid 1] AH00163: Apache/2.4.38 (Debian) PHP/7.4.0 configured -- resuming normal operations
[Wed May 06 18:04:18.371176 2020] [core:notice] [pid 1] AH00094: Command line: 'apache2 -D FOREGROUND'
[Thu May 07 01:36:46.922355 2020] [mpm_prefork:notice] [pid 1] AH00170: caught SIGWINCH, shutting down gracefully
AH00558: apache2: Could not reliably determine the server's fully qualified domain name, using 172.20.0.4. Set the 'ServerName' directive globally to suppress this message
[Fri May 08 01:52:14.733458 2020] [mpm_prefork:notice] [pid 1] AH00163: Apache/2.4.38 (Debian) PHP/7.2.27 configured -- resuming normal operations
[Fri May 08 01:52:14.733494 2020] [core:notice] [pid 1] AH00094: Command line: 'apache2 -D FOREGROUND'
[Fri May 08 02:20:01.432418 2020] [mpm_prefork:notice] [pid 1] AH00170: caught SIGWINCH, shutting down gracefully
AH00558: apache2: Could not reliably determine the server's fully qualified domain name, using 172.18.0.4. Set the 'ServerName' directive globally to suppress this message
[Mon May 11 17:32:52.253931 2020] [mpm_prefork:notice] [pid 1] AH00163: Apache/2.4.38 (Debian) PHP/7.2.27 configured -- resuming normal operations
[Mon May 11 17:32:52.253987 2020] [core:notice] [pid 1] AH00094: Command line: 'apache2 -D FOREGROUND'
[Mon May 11 21:49:33.605013 2020] [mpm_prefork:notice] [pid 1] AH00170: caught SIGWINCH, shutting down gracefully
AH00558: apache2: Could not reliably determine the server's fully qualified domain name, using 172.18.0.4. Set the 'ServerName' directive globally to suppress this message
[Mon May 11 21:49:51.865203 2020] [mpm_prefork:notice] [pid 1] AH00163: Apache/2.4.38 (Debian) PHP/7.2.27 configured -- resuming normal operations
[Mon May 11 21:49:51.865272 2020] [core:notice] [pid 1] AH00094: Command line: 'apache2 -D FOREGROUND'
[Mon May 11 23:09:06.563504 2020] [mpm_prefork:notice] [pid 1] AH00170: caught SIGWINCH, shutting down gracefully
AH00558: apache2: Could not reliably determine the server's fully qualified domain name, using 172.18.0.4. Set the 'ServerName' directive globally to suppress this message
[Tue May 12 03:36:16.638525 2020] [mpm_prefork:notice] [pid 1] AH00163: Apache/2.4.38 (Debian) PHP/7.2.27 configured -- resuming normal operations
[Tue May 12 03:36:16.638575 2020] [core:notice] [pid 1] AH00094: Command line: 'apache2 -D FOREGROUND'
[Tue May 12 03:40:15.249470 2020] [mpm_prefork:notice] [pid 1] AH00170: caught SIGWINCH, shutting down gracefully
AH00558: apache2: Could not reliably determine the server's fully qualified domain name, using 172.18.0.5. Set the 'ServerName' directive globally to suppress this message
[Tue May 12 03:49:57.261197 2020] [mpm_prefork:notice] [pid 1] AH00163: Apache/2.4.38 (Debian) PHP/7.2.27 configured -- resuming normal operations
[Tue May 12 03:49:57.261229 2020] [core:notice] [pid 1] AH00094: Command line: 'apache2 -D FOREGROUND'
[Tue May 12 04:59:11.877472 2020] [mpm_prefork:notice] [pid 1] AH00170: caught SIGWINCH, shutting down gracefully
AH00558: apache2: Could not reliably determine the server's fully qualified domain name, using 172.18.0.4. Set the 'ServerName' directive globally to suppress this message
[Tue May 12 13:25:49.627801 2020] [mpm_prefork:notice] [pid 1] AH00163: Apache/2.4.38 (Debian) PHP/7.2.27 configured -- resuming normal operations
[Tue May 12 13:25:49.627856 2020] [core:notice] [pid 1] AH00094: Command line: 'apache2 -D FOREGROUND'
[Tue May 12 15:18:26.876921 2020] [mpm_prefork:notice] [pid 1] AH00170: caught SIGWINCH, shutting down gracefully
AH00558: apache2: Could not reliably determine the server's fully qualified domain name, using 172.19.0.3. Set the 'ServerName' directive globally to suppress this message
[Wed May 13 21:26:37.775540 2020] [mpm_prefork:notice] [pid 1] AH00163: Apache/2.4.38 (Debian) PHP/7.4.0 configured -- resuming normal operations
[Wed May 13 21:26:37.775577 2020] [core:notice] [pid 1] AH00094: Command line: 'apache2 -D FOREGROUND'
AH00558: apache2: Could not reliably determine the server's fully qualified domain name, using 172.19.0.3. Set the 'ServerName' directive globally to suppress this message
[Wed May 13 21:31:47.179102 2020] [mpm_prefork:notice] [pid 1] AH00163: Apache/2.4.38 (Debian) PHP/7.4.0 configured -- resuming normal operations
[Wed May 13 21:31:47.179156 2020] [core:notice] [pid 1] AH00094: Command line: 'apache2 -D FOREGROUND'
[Wed May 13 23:08:06.805033 2020] [mpm_prefork:notice] [pid 1] AH00170: caught SIGWINCH, shutting down gracefully
AH00558: apache2: Could not reliably determine the server's fully qualified domain name, using 172.19.0.4. Set the 'ServerName' directive globally to suppress this message
[Thu May 14 21:15:47.479394 2020] [mpm_prefork:notice] [pid 1] AH00163: Apache/2.4.38 (Debian) PHP/7.4.0 configured -- resuming normal operations
[Thu May 14 21:15:47.479436 2020] [core:notice] [pid 1] AH00094: Command line: 'apache2 -D FOREGROUND'
[Thu May 14 23:32:14.888830 2020] [mpm_prefork:notice] [pid 1] AH00170: caught SIGWINCH, shutting down gracefully
AH00558: apache2: Could not reliably determine the server's fully qualified domain name, using 172.18.0.2. Set the 'ServerName' directive globally to suppress this message
[Fri May 22 13:42:20.864678 2020] [mpm_prefork:notice] [pid 1] AH00163: Apache/2.4.38 (Debian) PHP/7.4.0 configured -- resuming normal operations
[Fri May 22 13:42:20.864716 2020] [core:notice] [pid 1] AH00094: Command line: 'apache2 -D FOREGROUND'
[Fri May 22 14:06:19.347757 2020] [mpm_prefork:notice] [pid 1] AH00170: caught SIGWINCH, shutting down gracefully
AH00558: apache2: Could not reliably determine the server's fully qualified domain name, using 172.18.0.4. Set the 'ServerName' directive globally to suppress this message
[Wed Jun 03 14:22:23.184508 2020] [mpm_prefork:notice] [pid 1] AH00163: Apache/2.4.38 (Debian) PHP/7.4.0 configured -- resuming normal operations
[Wed Jun 03 14:22:23.184558 2020] [core:notice] [pid 1] AH00094: Command line: 'apache2 -D FOREGROUND'
[Wed Jun 03 15:24:14.242564 2020] [mpm_prefork:notice] [pid 1] AH00170: caught SIGWINCH, shutting down gracefully
AH00558: apache2: Could not reliably determine the server's fully qualified domain name, using 172.18.0.4. Set the 'ServerName' directive globally to suppress this message
[Wed Jun 03 15:28:23.231051 2020] [mpm_prefork:notice] [pid 1] AH00163: Apache/2.4.38 (Debian) PHP/7.4.0 configured -- resuming normal operations
[Wed Jun 03 15:28:23.231083 2020] [core:notice] [pid 1] AH00094: Command line: 'apache2 -D FOREGROUND'
[Wed Jun 03 15:28:53.713138 2020] [mpm_prefork:notice] [pid 1] AH00170: caught SIGWINCH, shutting down gracefully
AH00558: apache2: Could not reliably determine the server's fully qualified domain name, using 172.18.0.4. Set the 'ServerName' directive globally to suppress this message
[Wed Jun 03 15:34:48.044805 2020] [mpm_prefork:notice] [pid 1] AH00163: Apache/2.4.38 (Debian) PHP/7.4.0 configured -- resuming normal operations
[Wed Jun 03 15:34:48.044846 2020] [core:notice] [pid 1] AH00094: Command line: 'apache2 -D FOREGROUND'
[Wed Jun 03 15:36:34.961708 2020] [mpm_prefork:notice] [pid 1] AH00170: caught SIGWINCH, shutting down gracefully
AH00558: apache2: Could not reliably determine the server's fully qualified domain name, using 172.18.0.4. Set the 'ServerName' directive globally to suppress this message
[Wed Jun 03 15:37:45.245982 2020] [mpm_prefork:notice] [pid 1] AH00163: Apache/2.4.38 (Debian) PHP/7.4.0 configured -- resuming normal operations
[Wed Jun 03 15:37:45.246023 2020] [core:notice] [pid 1] AH00094: Command line: 'apache2 -D FOREGROUND'
[Thu Jun 04 05:04:35.030644 2020] [mpm_prefork:notice] [pid 1] AH00170: caught SIGWINCH, shutting down gracefully
AH00558: apache2: Could not reliably determine the server's fully qualified domain name, using 172.18.0.3. Set the 'ServerName' directive globally to suppress this message
[Thu Jun 04 13:36:31.518658 2020] [mpm_prefork:notice] [pid 1] AH00163: Apache/2.4.38 (Debian) PHP/7.4.0 configured -- resuming normal operations
[Thu Jun 04 13:36:31.518718 2020] [core:notice] [pid 1] AH00094: Command line: 'apache2 -D FOREGROUND'
[Thu Jun 04 14:04:46.848851 2020] [mpm_prefork:notice] [pid 1] AH00170: caught SIGWINCH, shutting down gracefully
AH00558: apache2: Could not reliably determine the server's fully qualified domain name, using 172.18.0.3. Set the 'ServerName' directive globally to suppress this message
[Thu Jun 04 14:04:48.833222 2020] [mpm_prefork:notice] [pid 1] AH00163: Apache/2.4.38 (Debian) PHP/7.2.27 configured -- resuming normal operations
[Thu Jun 04 14:04:48.833255 2020] [core:notice] [pid 1] AH00094: Command line: 'apache2 -D FOREGROUND'
[Thu Jun 04 23:16:21.603713 2020] [mpm_prefork:notice] [pid 1] AH00170: caught SIGWINCH, shutting down gracefully
AH00558: apache2: Could not reliably determine the server's fully qualified domain name, using 172.18.0.3. Set the 'ServerName' directive globally to suppress this message
[Thu Jun 04 23:16:42.923135 2020] [mpm_prefork:notice] [pid 1] AH00163: Apache/2.4.38 (Debian) PHP/7.2.27 configured -- resuming normal operations
[Thu Jun 04 23:16:42.923207 2020] [core:notice] [pid 1] AH00094: Command line: 'apache2 -D FOREGROUND'
[Thu Jun 04 23:47:05.438462 2020] [mpm_prefork:notice] [pid 1] AH00170: caught SIGWINCH, shutting down gracefully
AH00558: apache2: Could not reliably determine the server's fully qualified domain name, using 172.18.0.3. Set the 'ServerName' directive globally to suppress this message
[Fri Jun 05 00:10:45.816641 2020] [mpm_prefork:notice] [pid 1] AH00163: Apache/2.4.38 (Debian) PHP/7.2.27 configured -- resuming normal operations
[Fri Jun 05 00:10:45.816673 2020] [core:notice] [pid 1] AH00094: Command line: 'apache2 -D FOREGROUND'
[Fri Jun 05 03:50:55.035461 2020] [mpm_prefork:notice] [pid 1] AH00170: caught SIGWINCH, shutting down gracefully
AH00558: apache2: Could not reliably determine the server's fully qualified domain name, using 172.18.0.4. Set the 'ServerName' directive globally to suppress this message
[Fri Jun 05 14:29:52.668041 2020] [mpm_prefork:notice] [pid 1] AH00163: Apache/2.4.38 (Debian) PHP/7.2.27 configured -- resuming normal operations
[Fri Jun 05 14:29:52.668080 2020] [core:notice] [pid 1] AH00094: Command line: 'apache2 -D FOREGROUND'
[Fri Jun 05 14:39:12.778995 2020] [mpm_prefork:notice] [pid 1] AH00170: caught SIGWINCH, shutting down gracefully
AH00558: apache2: Could not reliably determine the server's fully qualified domain name, using 172.18.0.4. Set the 'ServerName' directive globally to suppress this message
[Mon Jun 08 15:00:31.707564 2020] [mpm_prefork:notice] [pid 1] AH00163: Apache/2.4.38 (Debian) PHP/7.2.27 configured -- resuming normal operations
[Mon Jun 08 15:00:31.707608 2020] [core:notice] [pid 1] AH00094: Command line: 'apache2 -D FOREGROUND'
[Mon Jun 08 18:19:30.538721 2020] [mpm_prefork:notice] [pid 1] AH00170: caught SIGWINCH, shutting down gracefully
AH00558: apache2: Could not reliably determine the server's fully qualified domain name, using 172.19.0.3. Set the 'ServerName' directive globally to suppress this message
[Tue Jun 09 14:08:10.672278 2020] [mpm_prefork:notice] [pid 1] AH00163: Apache/2.4.38 (Debian) PHP/7.2.27 configured -- resuming normal operations
[Tue Jun 09 14:08:10.672320 2020] [core:notice] [pid 1] AH00094: Command line: 'apache2 -D FOREGROUND'
[Tue Jun 09 15:00:54.896746 2020] [mpm_prefork:notice] [pid 1] AH00170: caught SIGWINCH, shutting down gracefully
AH00558: apache2: Could not reliably determine the server's fully qualified domain name, using 172.19.0.2. Set the 'ServerName' directive globally to suppress this message
[Wed Jun 10 15:39:26.983279 2020] [mpm_prefork:notice] [pid 1] AH00163: Apache/2.4.38 (Debian) PHP/7.4.0 configured -- resuming normal operations
[Wed Jun 10 15:39:26.983341 2020] [core:notice] [pid 1] AH00094: Command line: 'apache2 -D FOREGROUND'
[Wed Jun 10 17:11:24.393787 2020] [mpm_prefork:notice] [pid 1] AH00170: caught SIGWINCH, shutting down gracefully
AH00558: apache2: Could not reliably determine the server's fully qualified domain name, using 172.19.0.3. Set the 'ServerName' directive globally to suppress this message
[Tue Jun 16 22:39:48.937183 2020] [mpm_prefork:notice] [pid 1] AH00163: Apache/2.4.38 (Debian) PHP/7.4.0 configured -- resuming normal operations
[Tue Jun 16 22:39:48.937216 2020] [core:notice] [pid 1] AH00094: Command line: 'apache2 -D FOREGROUND'
[Wed Jun 17 00:49:12.034443 2020] [mpm_prefork:notice] [pid 1] AH00170: caught SIGWINCH, shutting down gracefully
AH00558: apache2: Could not reliably determine the server's fully qualified domain name, using 172.19.0.3. Set the 'ServerName' directive globally to suppress this message
[Wed Jun 17 13:20:12.827744 2020] [mpm_prefork:notice] [pid 1] AH00163: Apache/2.4.38 (Debian) PHP/7.4.0 configured -- resuming normal operations
[Wed Jun 17 13:20:12.827809 2020] [core:notice] [pid 1] AH00094: Command line: 'apache2 -D FOREGROUND'
[Wed Jun 17 18:56:07.334746 2020] [mpm_prefork:notice] [pid 1] AH00170: caught SIGWINCH, shutting down gracefully
AH00558: apache2: Could not reliably determine the server's fully qualified domain name, using 172.19.0.5. Set the 'ServerName' directive globally to suppress this message
[Wed Jun 17 21:01:31.773649 2020] [mpm_prefork:notice] [pid 1] AH00163: Apache/2.4.38 (Debian) PHP/7.4.0 configured -- resuming normal operations
[Wed Jun 17 21:01:31.773685 2020] [core:notice] [pid 1] AH00094: Command line: 'apache2 -D FOREGROUND'
[Wed Jun 17 21:11:05.537992 2020] [mpm_prefork:notice] [pid 1] AH00170: caught SIGWINCH, shutting down gracefully
AH00558: apache2: Could not reliably determine the server's fully qualified domain name, using 172.18.0.5. Set the 'ServerName' directive globally to suppress this message
[Tue Jun 30 13:47:14.145721 2020] [mpm_prefork:notice] [pid 1] AH00163: Apache/2.4.38 (Debian) PHP/7.4.0 configured -- resuming normal operations
[Tue Jun 30 13:47:14.145764 2020] [core:notice] [pid 1] AH00094: Command line: 'apache2 -D FOREGROUND'
AH00558: apache2: Could not reliably determine the server's fully qualified domain name, using 172.18.0.3. Set the 'ServerName' directive globally to suppress this message
[Tue Jun 30 22:43:59.339641 2020] [mpm_prefork:notice] [pid 1] AH00163: Apache/2.4.38 (Debian) PHP/7.4.0 configured -- resuming normal operations
[Tue Jun 30 22:43:59.339694 2020] [core:notice] [pid 1] AH00094: Command line: 'apache2 -D FOREGROUND'
[Tue Jun 30 22:47:18.610162 2020] [mpm_prefork:notice] [pid 1] AH00170: caught SIGWINCH, shutting down gracefully
AH00558: apache2: Could not reliably determine the server's fully qualified domain name, using 172.18.0.2. Set the 'ServerName' directive globally to suppress this message
[Tue Jun 30 22:47:28.559249 2020] [mpm_prefork:notice] [pid 1] AH00163: Apache/2.4.38 (Debian) PHP/7.4.0 configured -- resuming normal operations
[Tue Jun 30 22:47:28.559303 2020] [core:notice] [pid 1] AH00094: Command line: 'apache2 -D FOREGROUND'
[Tue Jun 30 23:52:37.448538 2020] [mpm_prefork:notice] [pid 1] AH00170: caught SIGWINCH, shutting down gracefully
AH00558: apache2: Could not reliably determine the server's fully qualified domain name, using 172.18.0.3. Set the 'ServerName' directive globally to suppress this message
[Wed Jul 01 13:44:59.492484 2020] [mpm_prefork:notice] [pid 1] AH00163: Apache/2.4.38 (Debian) PHP/7.2.27 configured -- resuming normal operations
[Wed Jul 01 13:44:59.492530 2020] [core:notice] [pid 1] AH00094: Command line: 'apache2 -D FOREGROUND'
[Thu Jul 02 01:13:37.227943 2020] [mpm_prefork:notice] [pid 1] AH00170: caught SIGWINCH, shutting down gracefully
AH00558: apache2: Could not reliably determine the server's fully qualified domain name, using 172.18.0.3. Set the 'ServerName' directive globally to suppress this message
[Thu Jul 02 13:42:53.378408 2020] [mpm_prefork:notice] [pid 1] AH00163: Apache/2.4.38 (Debian) PHP/7.2.27 configured -- resuming normal operations
[Thu Jul 02 13:42:53.378464 2020] [core:notice] [pid 1] AH00094: Command line: 'apache2 -D FOREGROUND'
[Fri Jul 03 01:05:46.608069 2020] [mpm_prefork:notice] [pid 1] AH00170: caught SIGWINCH, shutting down gracefully
AH00558: apache2: Could not reliably determine the server's fully qualified domain name, using 172.18.0.3. Set the 'ServerName' directive globally to suppress this message
[Fri Jul 03 05:00:23.476776 2020] [mpm_prefork:notice] [pid 1] AH00163: Apache/2.4.38 (Debian) PHP/7.2.27 configured -- resuming normal operations
[Fri Jul 03 05:00:23.476847 2020] [core:notice] [pid 1] AH00094: Command line: 'apache2 -D FOREGROUND'
[Fri Jul 03 05:46:33.537263 2020] [mpm_prefork:notice] [pid 1] AH00170: caught SIGWINCH, shutting down gracefully
AH00558: apache2: Could not reliably determine the server's fully qualified domain name, using 172.18.0.3. Set the 'ServerName' directive globally to suppress this message
[Fri Jul 03 13:33:34.432862 2020] [mpm_prefork:notice] [pid 1] AH00163: Apache/2.4.38 (Debian) PHP/7.2.27 configured -- resuming normal operations
[Fri Jul 03 13:33:34.432933 2020] [core:notice] [pid 1] AH00094: Command line: 'apache2 -D FOREGROUND'
[Fri Jul 03 23:58:27.574003 2020] [mpm_prefork:notice] [pid 1] AH00170: caught SIGWINCH, shutting down gracefully
AH00558: apache2: Could not reliably determine the server's fully qualified domain name, using 172.18.0.3. Set the 'ServerName' directive globally to suppress this message
[Mon Jul 06 04:16:26.037429 2020] [mpm_prefork:notice] [pid 1] AH00163: Apache/2.4.38 (Debian) PHP/7.2.27 configured -- resuming normal operations
[Mon Jul 06 04:16:26.037516 2020] [core:notice] [pid 1] AH00094: Command line: 'apache2 -D FOREGROUND'
[Mon Jul 06 04:49:38.724658 2020] [mpm_prefork:notice] [pid 1] AH00170: caught SIGWINCH, shutting down gracefully
AH00558: apache2: Could not reliably determine the server's fully qualified domain name, using 172.18.0.3. Set the 'ServerName' directive globally to suppress this message
[Mon Jul 06 13:50:24.118547 2020] [mpm_prefork:notice] [pid 1] AH00163: Apache/2.4.38 (Debian) PHP/7.2.27 configured -- resuming normal operations
[Mon Jul 06 13:50:24.118604 2020] [core:notice] [pid 1] AH00094: Command line: 'apache2 -D FOREGROUND'
[Tue Jul 07 02:20:01.474700 2020] [mpm_prefork:notice] [pid 1] AH00170: caught SIGWINCH, shutting down gracefully
AH00558: apache2: Could not reliably determine the server's fully qualified domain name, using 172.18.0.3. Set the 'ServerName' directive globally to suppress this message
[Tue Jul 07 13:08:36.958106 2020] [mpm_prefork:notice] [pid 1] AH00163: Apache/2.4.38 (Debian) PHP/7.2.27 configured -- resuming normal operations
[Tue Jul 07 13:08:36.958158 2020] [core:notice] [pid 1] AH00094: Command line: 'apache2 -D FOREGROUND'
[Wed Jul 08 00:38:51.454368 2020] [mpm_prefork:notice] [pid 1] AH00170: caught SIGWINCH, shutting down gracefully
AH00558: apache2: Could not reliably determine the server's fully qualified domain name, using 172.18.0.3. Set the 'ServerName' directive globally to suppress this message
[Wed Jul 08 13:07:00.864145 2020] [mpm_prefork:notice] [pid 1] AH00163: Apache/2.4.38 (Debian) PHP/7.2.27 configured -- resuming normal operations
[Wed Jul 08 13:07:00.864195 2020] [core:notice] [pid 1] AH00094: Command line: 'apache2 -D FOREGROUND'
[Wed Jul 08 13:57:13.955777 2020] [mpm_prefork:notice] [pid 1] AH00170: caught SIGWINCH, shutting down gracefully
AH00558: apache2: Could not reliably determine the server's fully qualified domain name, using 172.18.0.3. Set the 'ServerName' directive globally to suppress this message
[Wed Jul 08 13:57:15.883243 2020] [mpm_prefork:notice] [pid 1] AH00163: Apache/2.4.38 (Debian) PHP/7.2.27 configured -- resuming normal operations
[Wed Jul 08 13:57:15.883292 2020] [core:notice] [pid 1] AH00094: Command line: 'apache2 -D FOREGROUND'
[Thu Jul 09 00:31:18.158168 2020] [mpm_prefork:notice] [pid 1] AH00170: caught SIGWINCH, shutting down gracefully
AH00558: apache2: Could not reliably determine the server's fully qualified domain name, using 172.18.0.3. Set the 'ServerName' directive globally to suppress this message
[Thu Jul 09 14:48:09.437104 2020] [mpm_prefork:notice] [pid 1] AH00163: Apache/2.4.38 (Debian) PHP/7.2.27 configured -- resuming normal operations
[Thu Jul 09 14:48:09.437145 2020] [core:notice] [pid 1] AH00094: Command line: 'apache2 -D FOREGROUND'
[Fri Jul 10 02:32:26.146815 2020] [mpm_prefork:notice] [pid 1] AH00170: caught SIGWINCH, shutting down gracefully
AH00558: apache2: Could not reliably determine the server's fully qualified domain name, using 172.18.0.3. Set the 'ServerName' directive globally to suppress this message
[Fri Jul 10 13:11:19.851188 2020] [mpm_prefork:notice] [pid 1] AH00163: Apache/2.4.38 (Debian) PHP/7.2.27 configured -- resuming normal operations
[Fri Jul 10 13:11:19.851249 2020] [core:notice] [pid 1] AH00094: Command line: 'apache2 -D FOREGROUND'
[Sat Jul 11 02:03:25.493102 2020] [mpm_prefork:notice] [pid 1] AH00170: caught SIGWINCH, shutting down gracefully
AH00558: apache2: Could not reliably determine the server's fully qualified domain name, using 172.18.0.3. Set the 'ServerName' directive globally to suppress this message
[Sun Jul 12 17:35:16.981715 2020] [mpm_prefork:notice] [pid 1] AH00163: Apache/2.4.38 (Debian) PHP/7.2.27 configured -- resuming normal operations
[Sun Jul 12 17:35:16.981767 2020] [core:notice] [pid 1] AH00094: Command line: 'apache2 -D FOREGROUND'
[Mon Jul 13 00:59:47.020800 2020] [mpm_prefork:notice] [pid 1] AH00170: caught SIGWINCH, shutting down gracefully
AH00558: apache2: Could not reliably determine the server's fully qualified domain name, using 172.18.0.3. Set the 'ServerName' directive globally to suppress this message
[Mon Jul 13 13:28:31.640276 2020] [mpm_prefork:notice] [pid 1] AH00163: Apache/2.4.38 (Debian) PHP/7.2.27 configured -- resuming normal operations
[Mon Jul 13 13:28:31.640332 2020] [core:notice] [pid 1] AH00094: Command line: 'apache2 -D FOREGROUND'
[Mon Jul 13 23:45:12.808632 2020] [mpm_prefork:notice] [pid 1] AH00170: caught SIGWINCH, shutting down gracefully
AH00558: apache2: Could not reliably determine the server's fully qualified domain name, using 172.18.0.3. Set the 'ServerName' directive globally to suppress this message
[Tue Jul 14 14:51:48.945248 2020] [mpm_prefork:notice] [pid 1] AH00163: Apache/2.4.38 (Debian) PHP/7.2.27 configured -- resuming normal operations
[Tue Jul 14 14:51:48.945292 2020] [core:notice] [pid 1] AH00094: Command line: 'apache2 -D FOREGROUND'
[Wed Jul 15 00:07:40.007167 2020] [mpm_prefork:notice] [pid 1] AH00170: caught SIGWINCH, shutting down gracefully
AH00558: apache2: Could not reliably determine the server's fully qualified domain name, using 172.18.0.3. Set the 'ServerName' directive globally to suppress this message
[Wed Jul 15 00:08:11.840668 2020] [mpm_prefork:notice] [pid 1] AH00163: Apache/2.4.38 (Debian) PHP/7.2.27 configured -- resuming normal operations
[Wed Jul 15 00:08:11.840767 2020] [core:notice] [pid 1] AH00094: Command line: 'apache2 -D FOREGROUND'
[Wed Jul 15 04:21:29.795780 2020] [mpm_prefork:notice] [pid 1] AH00170: caught SIGWINCH, shutting down gracefully
AH00558: apache2: Could not reliably determine the server's fully qualified domain name, using 172.18.0.3. Set the 'ServerName' directive globally to suppress this message
[Wed Jul 15 13:21:28.932149 2020] [mpm_prefork:notice] [pid 1] AH00163: Apache/2.4.38 (Debian) PHP/7.2.27 configured -- resuming normal operations
[Wed Jul 15 13:21:28.932196 2020] [core:notice] [pid 1] AH00094: Command line: 'apache2 -D FOREGROUND'
[Wed Jul 15 22:57:13.574433 2020] [mpm_prefork:notice] [pid 1] AH00170: caught SIGWINCH, shutting down gracefully
AH00558: apache2: Could not reliably determine the server's fully qualified domain name, using 172.18.0.3. Set the 'ServerName' directive globally to suppress this message
[Wed Jul 15 22:57:42.022788 2020] [mpm_prefork:notice] [pid 1] AH00163: Apache/2.4.38 (Debian) PHP/7.2.27 configured -- resuming normal operations
[Wed Jul 15 22:57:42.022837 2020] [core:notice] [pid 1] AH00094: Command line: 'apache2 -D FOREGROUND'
[Thu Jul 16 03:51:14.514920 2020] [mpm_prefork:notice] [pid 1] AH00170: caught SIGWINCH, shutting down gracefully
AH00558: apache2: Could not reliably determine the server's fully qualified domain name, using 172.18.0.3. Set the 'ServerName' directive globally to suppress this message
[Thu Jul 16 13:32:50.969718 2020] [mpm_prefork:notice] [pid 1] AH00163: Apache/2.4.38 (Debian) PHP/7.2.27 configured -- resuming normal operations
[Thu Jul 16 13:32:50.969765 2020] [core:notice] [pid 1] AH00094: Command line: 'apache2 -D FOREGROUND'
[Thu Jul 16 23:56:09.815395 2020] [mpm_prefork:notice] [pid 1] AH00170: caught SIGWINCH, shutting down gracefully
AH00558: apache2: Could not reliably determine the server's fully qualified domain name, using 172.18.0.3. Set the 'ServerName' directive globally to suppress this message
[Fri Jul 17 00:51:04.547267 2020] [mpm_prefork:notice] [pid 1] AH00163: Apache/2.4.38 (Debian) PHP/7.2.27 configured -- resuming normal operations
[Fri Jul 17 00:51:04.547349 2020] [core:notice] [pid 1] AH00094: Command line: 'apache2 -D FOREGROUND'
[Mon Jul 20 13:28:35.834687 2020] [mpm_prefork:notice] [pid 1] AH00170: caught SIGWINCH, shutting down gracefully
AH00558: apache2: Could not reliably determine the server's fully qualified domain name, using 172.18.0.3. Set the 'ServerName' directive globally to suppress this message
[Mon Jul 20 13:29:00.925857 2020] [mpm_prefork:notice] [pid 1] AH00163: Apache/2.4.38 (Debian) PHP/7.2.27 configured -- resuming normal operations
[Mon Jul 20 13:29:00.925916 2020] [core:notice] [pid 1] AH00094: Command line: 'apache2 -D FOREGROUND'
[Mon Jul 20 20:30:32.005802 2020] [mpm_prefork:notice] [pid 1] AH00170: caught SIGWINCH, shutting down gracefully
AH00558: apache2: Could not reliably determine the server's fully qualified domain name, using 172.18.0.3. Set the 'ServerName' directive globally to suppress this message
[Mon Jul 20 22:56:24.898533 2020] [mpm_prefork:notice] [pid 1] AH00163: Apache/2.4.38 (Debian) PHP/7.4.0 configured -- resuming normal operations
[Mon Jul 20 22:56:24.898571 2020] [core:notice] [pid 1] AH00094: Command line: 'apache2 -D FOREGROUND'
[Tue Jul 21 13:27:29.951881 2020] [mpm_prefork:notice] [pid 1] AH00170: caught SIGWINCH, shutting down gracefully
AH00558: apache2: Could not reliably determine the server's fully qualified domain name, using 172.18.0.3. Set the 'ServerName' directive globally to suppress this message
[Tue Jul 21 13:27:52.628196 2020] [mpm_prefork:notice] [pid 1] AH00163: Apache/2.4.38 (Debian) PHP/7.4.0 configured -- resuming normal operations
[Tue Jul 21 13:27:52.628256 2020] [core:notice] [pid 1] AH00094: Command line: 'apache2 -D FOREGROUND'
[Tue Jul 21 16:39:05.329893 2020] [mpm_prefork:notice] [pid 1] AH00170: caught SIGWINCH, shutting down gracefully
AH00558: apache2: Could not reliably determine the server's fully qualified domain name, using 172.18.0.3. Set the 'ServerName' directive globally to suppress this message
[Tue Jul 21 17:28:12.147847 2020] [mpm_prefork:notice] [pid 1] AH00163: Apache/2.4.38 (Debian) PHP/7.4.0 configured -- resuming normal operations
[Tue Jul 21 17:28:12.147877 2020] [core:notice] [pid 1] AH00094: Command line: 'apache2 -D FOREGROUND'
[Tue Jul 21 17:28:16.054504 2020] [mpm_prefork:notice] [pid 1] AH00170: caught SIGWINCH, shutting down gracefully
AH00558: apache2: Could not reliably determine the server's fully qualified domain name, using 172.18.0.3. Set the 'ServerName' directive globally to suppress this message
[Tue Jul 21 17:28:29.849446 2020] [mpm_prefork:notice] [pid 1] AH00163: Apache/2.4.38 (Debian) PHP/7.4.0 configured -- resuming normal operations
[Tue Jul 21 17:28:29.849486 2020] [core:notice] [pid 1] AH00094: Command line: 'apache2 -D FOREGROUND'
[Tue Jul 21 18:14:21.736065 2020] [mpm_prefork:notice] [pid 1] AH00170: caught SIGWINCH, shutting down gracefully
AH00558: apache2: Could not reliably determine the server's fully qualified domain name, using 172.18.0.3. Set the 'ServerName' directive globally to suppress this message
[Tue Jul 21 18:35:59.268952 2020] [mpm_prefork:notice] [pid 1] AH00163: Apache/2.4.38 (Debian) PHP/7.4.0 configured -- resuming normal operations
[Tue Jul 21 18:35:59.268999 2020] [core:notice] [pid 1] AH00094: Command line: 'apache2 -D FOREGROUND'
AH00558: apache2: Could not reliably determine the server's fully qualified domain name, using 172.18.0.3. Set the 'ServerName' directive globally to suppress this message
[Wed Jul 22 01:05:53.545004 2020] [mpm_prefork:notice] [pid 1] AH00163: Apache/2.4.38 (Debian) PHP/7.2.27 configured -- resuming normal operations
[Wed Jul 22 01:05:53.545058 2020] [core:notice] [pid 1] AH00094: Command line: 'apache2 -D FOREGROUND'
[Wed Jul 22 03:54:56.105301 2020] [mpm_prefork:notice] [pid 1] AH00170: caught SIGWINCH, shutting down gracefully
AH00558: apache2: Could not reliably determine the server's fully qualified domain name, using 172.18.0.3. Set the 'ServerName' directive globally to suppress this message
[Wed Jul 22 13:31:42.963806 2020] [mpm_prefork:notice] [pid 1] AH00163: Apache/2.4.38 (Debian) PHP/7.2.27 configured -- resuming normal operations
[Wed Jul 22 13:31:42.963858 2020] [core:notice] [pid 1] AH00094: Command line: 'apache2 -D FOREGROUND'
[Wed Jul 22 14:21:18.060001 2020] [mpm_prefork:notice] [pid 1] AH00170: caught SIGWINCH, shutting down gracefully
AH00558: apache2: Could not reliably determine the server's fully qualified domain name, using 172.18.0.4. Set the 'ServerName' directive globally to suppress this message
[Wed Jul 22 15:26:31.301461 2020] [mpm_prefork:notice] [pid 1] AH00163: Apache/2.4.38 (Debian) PHP/7.2.27 configured -- resuming normal operations
[Wed Jul 22 15:26:31.301500 2020] [core:notice] [pid 1] AH00094: Command line: 'apache2 -D FOREGROUND'
[Thu Jul 23 01:20:32.490541 2020] [mpm_prefork:notice] [pid 1] AH00170: caught SIGWINCH, shutting down gracefully
AH00558: apache2: Could not reliably determine the server's fully qualified domain name, using 172.18.0.3. Set the 'ServerName' directive globally to suppress this message
[Thu Jul 23 14:55:58.316620 2020] [mpm_prefork:notice] [pid 1] AH00163: Apache/2.4.38 (Debian) PHP/7.2.27 configured -- resuming normal operations
[Thu Jul 23 14:55:58.316657 2020] [core:notice] [pid 1] AH00094: Command line: 'apache2 -D FOREGROUND'
[Thu Jul 23 18:16:37.732108 2020] [mpm_prefork:notice] [pid 1] AH00170: caught SIGWINCH, shutting down gracefully
AH00558: apache2: Could not reliably determine the server's fully qualified domain name, using 172.18.0.3. Set the 'ServerName' directive globally to suppress this message
[Wed Jul 29 18:23:30.314050 2020] [mpm_prefork:notice] [pid 1] AH00163: Apache/2.4.38 (Debian) PHP/7.2.27 configured -- resuming normal operations
[Wed Jul 29 18:23:30.314111 2020] [core:notice] [pid 1] AH00094: Command line: 'apache2 -D FOREGROUND'
[Thu Jul 30 00:09:23.861976 2020] [mpm_prefork:notice] [pid 1] AH00170: caught SIGWINCH, shutting down gracefully
AH00558: apache2: Could not reliably determine the server's fully qualified domain name, using 172.18.0.3. Set the 'ServerName' directive globally to suppress this message
[Thu Jul 30 13:20:34.124910 2020] [mpm_prefork:notice] [pid 1] AH00163: Apache/2.4.38 (Debian) PHP/7.2.27 configured -- resuming normal operations
[Thu Jul 30 13:20:34.124966 2020] [core:notice] [pid 1] AH00094: Command line: 'apache2 -D FOREGROUND'
[Thu Jul 30 14:44:58.235151 2020] [mpm_prefork:notice] [pid 1] AH00170: caught SIGWINCH, shutting down gracefully
AH00558: apache2: Could not reliably determine the server's fully qualified domain name, using 172.18.0.3. Set the 'ServerName' directive globally to suppress this message
[Sat Aug 01 14:17:38.294804 2020] [mpm_prefork:notice] [pid 1] AH00163: Apache/2.4.38 (Debian) PHP/7.2.27 configured -- resuming normal operations
[Sat Aug 01 14:17:38.294838 2020] [core:notice] [pid 1] AH00094: Command line: 'apache2 -D FOREGROUND'
[Sat Aug 01 15:20:38.486598 2020] [mpm_prefork:notice] [pid 1] AH00170: caught SIGWINCH, shutting down gracefully
AH00558: apache2: Could not reliably determine the server's fully qualified domain name, using 172.18.0.3. Set the 'ServerName' directive globally to suppress this message
[Tue Aug 11 17:03:34.577259 2020] [mpm_prefork:notice] [pid 1] AH00163: Apache/2.4.38 (Debian) PHP/7.4.0 configured -- resuming normal operations
[Tue Aug 11 17:03:34.577303 2020] [core:notice] [pid 1] AH00094: Command line: 'apache2 -D FOREGROUND'
[Tue Aug 11 22:18:59.369544 2020] [mpm_prefork:notice] [pid 1] AH00170: caught SIGWINCH, shutting down gracefully
AH00558: apache2: Could not reliably determine the server's fully qualified domain name, using 172.18.0.3. Set the 'ServerName' directive globally to suppress this message
[Tue Aug 11 22:19:29.042354 2020] [mpm_prefork:notice] [pid 1] AH00163: Apache/2.4.38 (Debian) PHP/7.4.0 configured -- resuming normal operations
[Tue Aug 11 22:19:29.042424 2020] [core:notice] [pid 1] AH00094: Command line: 'apache2 -D FOREGROUND'
[Tue Aug 11 22:22:56.864581 2020] [mpm_prefork:notice] [pid 1] AH00170: caught SIGWINCH, shutting down gracefully
AH00558: apache2: Could not reliably determine the server's fully qualified domain name, using 172.18.0.4. Set the 'ServerName' directive globally to suppress this message
[Tue Aug 18 15:45:41.505215 2020] [mpm_prefork:notice] [pid 1] AH00163: Apache/2.4.38 (Debian) PHP/7.4.0 configured -- resuming normal operations
[Tue Aug 18 15:45:41.505310 2020] [core:notice] [pid 1] AH00094: Command line: 'apache2 -D FOREGROUND'
[Tue Aug 18 20:56:16.849181 2020] [mpm_prefork:notice] [pid 1] AH00170: caught SIGWINCH, shutting down gracefully
AH00558: apache2: Could not reliably determine the server's fully qualified domain name, using 172.18.0.4. Set the 'ServerName' directive globally to suppress this message
[Thu Aug 20 13:35:55.112937 2020] [mpm_prefork:notice] [pid 1] AH00163: Apache/2.4.38 (Debian) PHP/7.4.0 configured -- resuming normal operations
[Thu Aug 20 13:35:55.113001 2020] [core:notice] [pid 1] AH00094: Command line: 'apache2 -D FOREGROUND'
[Thu Aug 20 22:50:13.047865 2020] [mpm_prefork:notice] [pid 1] AH00170: caught SIGWINCH, shutting down gracefully
AH00558: apache2: Could not reliably determine the server's fully qualified domain name, using 172.18.0.5. Set the 'ServerName' directive globally to suppress this message
[Fri Aug 21 00:12:48.234534 2020] [mpm_prefork:notice] [pid 1] AH00163: Apache/2.4.38 (Debian) PHP/7.4.0 configured -- resuming normal operations
[Fri Aug 21 00:12:48.234576 2020] [core:notice] [pid 1] AH00094: Command line: 'apache2 -D FOREGROUND'
[Fri Aug 21 03:10:44.918423 2020] [mpm_prefork:notice] [pid 1] AH00170: caught SIGWINCH, shutting down gracefully
AH00558: apache2: Could not reliably determine the server's fully qualified domain name, using 172.18.0.5. Set the 'ServerName' directive globally to suppress this message
[Fri Aug 21 13:35:05.564105 2020] [mpm_prefork:notice] [pid 1] AH00163: Apache/2.4.38 (Debian) PHP/7.4.0 configured -- resuming normal operations
[Fri Aug 21 13:35:05.564155 2020] [core:notice] [pid 1] AH00094: Command line: 'apache2 -D FOREGROUND'
[Fri Aug 21 14:15:56.642752 2020] [mpm_prefork:notice] [pid 1] AH00170: caught SIGWINCH, shutting down gracefully
AH00558: apache2: Could not reliably determine the server's fully qualified domain name, using 172.18.0.5. Set the 'ServerName' directive globally to suppress this message
[Fri Aug 21 14:16:04.194702 2020] [mpm_prefork:notice] [pid 1] AH00163: Apache/2.4.38 (Debian) PHP/7.4.0 configured -- resuming normal operations
[Fri Aug 21 14:16:04.194752 2020] [core:notice] [pid 1] AH00094: Command line: 'apache2 -D FOREGROUND'
[Fri Aug 21 15:37:06.455416 2020] [mpm_prefork:notice] [pid 1] AH00170: caught SIGWINCH, shutting down gracefully
AH00558: apache2: Could not reliably determine the server's fully qualified domain name, using 172.18.0.5. Set the 'ServerName' directive globally to suppress this message
[Fri Aug 21 21:30:43.710702 2020] [mpm_prefork:notice] [pid 1] AH00163: Apache/2.4.38 (Debian) PHP/7.4.0 configured -- resuming normal operations
[Fri Aug 21 21:30:43.711321 2020] [core:notice] [pid 1] AH00094: Command line: 'apache2 -D FOREGROUND'
[Sat Aug 22 00:26:18.291336 2020] [mpm_prefork:notice] [pid 1] AH00170: caught SIGWINCH, shutting down gracefully
AH00558: apache2: Could not reliably determine the server's fully qualified domain name, using 172.18.0.3. Set the 'ServerName' directive globally to suppress this message
[Sat Aug 22 01:09:29.214800 2020] [mpm_prefork:notice] [pid 1] AH00163: Apache/2.4.38 (Debian) PHP/7.4.0 configured -- resuming normal operations
[Sat Aug 22 01:09:29.214883 2020] [core:notice] [pid 1] AH00094: Command line: 'apache2 -D FOREGROUND'
[Sat Aug 22 03:24:58.697645 2020] [mpm_prefork:notice] [pid 1] AH00170: caught SIGWINCH, shutting down gracefully
AH00558: apache2: Could not reliably determine the server's fully qualified domain name, using 172.18.0.5. Set the 'ServerName' directive globally to suppress this message
[Mon Aug 24 13:31:21.291618 2020] [mpm_prefork:notice] [pid 1] AH00163: Apache/2.4.38 (Debian) PHP/7.4.0 configured -- resuming normal operations
[Mon Aug 24 13:31:21.291670 2020] [core:notice] [pid 1] AH00094: Command line: 'apache2 -D FOREGROUND'
[Mon Aug 24 14:26:06.806409 2020] [mpm_prefork:notice] [pid 1] AH00170: caught SIGWINCH, shutting down gracefully
AH00558: apache2: Could not reliably determine the server's fully qualified domain name, using 172.18.0.5. Set the 'ServerName' directive globally to suppress this message
[Mon Aug 24 19:41:00.386705 2020] [mpm_prefork:notice] [pid 1] AH00163: Apache/2.4.38 (Debian) PHP/7.4.0 configured -- resuming normal operations
[Mon Aug 24 19:41:00.386755 2020] [core:notice] [pid 1] AH00094: Command line: 'apache2 -D FOREGROUND'
[Mon Aug 24 19:44:12.275205 2020] [mpm_prefork:notice] [pid 1] AH00170: caught SIGWINCH, shutting down gracefully
AH00558: apache2: Could not reliably determine the server's fully qualified domain name, using 172.18.0.5. Set the 'ServerName' directive globally to suppress this message
[Mon Aug 24 22:52:36.684635 2020] [mpm_prefork:notice] [pid 1] AH00163: Apache/2.4.38 (Debian) PHP/7.4.0 configured -- resuming normal operations
[Mon Aug 24 22:52:36.684683 2020] [core:notice] [pid 1] AH00094: Command line: 'apache2 -D FOREGROUND'
[Wed Aug 26 14:49:54.344539 2020] [mpm_prefork:notice] [pid 1] AH00170: caught SIGWINCH, shutting down gracefully
AH00558: apache2: Could not reliably determine the server's fully qualified domain name, using 172.18.0.5. Set the 'ServerName' directive globally to suppress this message
[Thu Aug 27 01:53:51.987569 2020] [mpm_prefork:notice] [pid 1] AH00163: Apache/2.4.38 (Debian) PHP/7.4.0 configured -- resuming normal operations
[Thu Aug 27 01:53:51.987606 2020] [core:notice] [pid 1] AH00094: Command line: 'apache2 -D FOREGROUND'
[Thu Aug 27 03:50:20.516793 2020] [mpm_prefork:notice] [pid 1] AH00170: caught SIGWINCH, shutting down gracefully
AH00558: apache2: Could not reliably determine the server's fully qualified domain name, using 172.18.0.4. Set the 'ServerName' directive globally to suppress this message
[Thu Aug 27 05:19:41.682574 2020] [mpm_prefork:notice] [pid 1] AH00163: Apache/2.4.38 (Debian) PHP/7.4.0 configured -- resuming normal operations
[Thu Aug 27 05:19:41.682615 2020] [core:notice] [pid 1] AH00094: Command line: 'apache2 -D FOREGROUND'
[Thu Aug 27 05:29:00.462338 2020] [mpm_prefork:notice] [pid 1] AH00170: caught SIGWINCH, shutting down gracefully
AH00558: apache2: Could not reliably determine the server's fully qualified domain name, using 172.18.0.4. Set the 'ServerName' directive globally to suppress this message
[Thu Aug 27 13:31:28.813562 2020] [mpm_prefork:notice] [pid 1] AH00163: Apache/2.4.38 (Debian) PHP/7.4.0 configured -- resuming normal operations
[Thu Aug 27 13:31:28.813617 2020] [core:notice] [pid 1] AH00094: Command line: 'apache2 -D FOREGROUND'
AH00558: apache2: Could not reliably determine the server's fully qualified domain name, using 172.18.0.4. Set the 'ServerName' directive globally to suppress this message
[Mon Aug 31 13:31:40.102679 2020] [mpm_prefork:notice] [pid 1] AH00163: Apache/2.4.38 (Debian) PHP/7.4.0 configured -- resuming normal operations
[Mon Aug 31 13:31:40.102722 2020] [core:notice] [pid 1] AH00094: Command line: 'apache2 -D FOREGROUND'
[Tue Sep 01 04:36:15.852361 2020] [mpm_prefork:notice] [pid 1] AH00170: caught SIGWINCH, shutting down gracefully
AH00558: apache2: Could not reliably determine the server's fully qualified domain name, using 172.18.0.4. Set the 'ServerName' directive globally to suppress this message
[Tue Sep 01 13:36:55.047666 2020] [mpm_prefork:notice] [pid 1] AH00163: Apache/2.4.38 (Debian) PHP/7.4.0 configured -- resuming normal operations
[Tue Sep 01 13:36:55.047720 2020] [core:notice] [pid 1] AH00094: Command line: 'apache2 -D FOREGROUND'
[Tue Sep 01 15:46:56.882658 2020] [mpm_prefork:notice] [pid 1] AH00170: caught SIGWINCH, shutting down gracefully
AH00558: apache2: Could not reliably determine the server's fully qualified domain name, using 172.18.0.4. Set the 'ServerName' directive globally to suppress this message
[Wed Sep 02 14:11:44.634061 2020] [mpm_prefork:notice] [pid 1] AH00163: Apache/2.4.38 (Debian) PHP/7.4.0 configured -- resuming normal operations
[Wed Sep 02 14:11:44.634096 2020] [core:notice] [pid 1] AH00094: Command line: 'apache2 -D FOREGROUND'
[Wed Sep 02 15:34:38.671194 2020] [mpm_prefork:notice] [pid 1] AH00170: caught SIGWINCH, shutting down gracefully
AH00558: apache2: Could not reliably determine the server's fully qualified domain name, using 172.18.0.4. Set the 'ServerName' directive globally to suppress this message
[Wed Sep 02 21:23:53.961796 2020] [mpm_prefork:notice] [pid 1] AH00163: Apache/2.4.38 (Debian) PHP/7.4.0 configured -- resuming normal operations
[Wed Sep 02 21:23:53.961837 2020] [core:notice] [pid 1] AH00094: Command line: 'apache2 -D FOREGROUND'
[Wed Sep 02 22:59:43.749754 2020] [mpm_prefork:notice] [pid 1] AH00170: caught SIGWINCH, shutting down gracefully
AH00558: apache2: Could not reliably determine the server's fully qualified domain name, using 172.18.0.4. Set the 'ServerName' directive globally to suppress this message
[Thu Sep 03 16:15:19.141938 2020] [mpm_prefork:notice] [pid 1] AH00163: Apache/2.4.38 (Debian) PHP/7.4.0 configured -- resuming normal operations
[Thu Sep 03 16:15:19.141979 2020] [core:notice] [pid 1] AH00094: Command line: 'apache2 -D FOREGROUND'
[Thu Sep 03 20:07:50.447978 2020] [mpm_prefork:notice] [pid 1] AH00170: caught SIGWINCH, shutting down gracefully
AH00558: apache2: Could not reliably determine the server's fully qualified domain name, using 172.18.0.4. Set the 'ServerName' directive globally to suppress this message
[Thu Sep 03 20:16:18.887072 2020] [mpm_prefork:notice] [pid 1] AH00163: Apache/2.4.38 (Debian) PHP/7.4.0 configured -- resuming normal operations
[Thu Sep 03 20:16:18.887113 2020] [core:notice] [pid 1] AH00094: Command line: 'apache2 -D FOREGROUND'
[Fri Sep 04 21:04:01.146981 2020] [mpm_prefork:notice] [pid 1] AH00170: caught SIGWINCH, shutting down gracefully
AH00558: apache2: Could not reliably determine the server's fully qualified domain name, using 172.18.0.4. Set the 'ServerName' directive globally to suppress this message
[Fri Sep 04 21:40:22.508810 2020] [mpm_prefork:notice] [pid 1] AH00163: Apache/2.4.38 (Debian) PHP/7.4.0 configured -- resuming normal operations
[Fri Sep 04 21:40:22.508879 2020] [core:notice] [pid 1] AH00094: Command line: 'apache2 -D FOREGROUND'
[Fri Sep 04 23:41:06.488241 2020] [mpm_prefork:notice] [pid 1] AH00170: caught SIGWINCH, shutting down gracefully
AH00558: apache2: Could not reliably determine the server's fully qualified domain name, using 172.18.0.4. Set the 'ServerName' directive globally to suppress this message
[Mon Sep 07 13:56:05.051677 2020] [mpm_prefork:notice] [pid 1] AH00163: Apache/2.4.38 (Debian) PHP/7.4.0 configured -- resuming normal operations
[Mon Sep 07 13:56:05.051714 2020] [core:notice] [pid 1] AH00094: Command line: 'apache2 -D FOREGROUND'
[Mon Sep 07 15:53:31.025712 2020] [mpm_prefork:notice] [pid 1] AH00170: caught SIGWINCH, shutting down gracefully
AH00558: apache2: Could not reliably determine the server's fully qualified domain name, using 172.18.0.5. Set the 'ServerName' directive globally to suppress this message
[Tue Sep 08 13:41:51.862546 2020] [mpm_prefork:notice] [pid 1] AH00163: Apache/2.4.38 (Debian) PHP/7.4.0 configured -- resuming normal operations
[Tue Sep 08 13:41:51.862587 2020] [core:notice] [pid 1] AH00094: Command line: 'apache2 -D FOREGROUND'
[Tue Sep 08 16:15:10.530234 2020] [mpm_prefork:notice] [pid 1] AH00170: caught SIGWINCH, shutting down gracefully
AH00558: apache2: Could not reliably determine the server's fully qualified domain name, using 172.18.0.5. Set the 'ServerName' directive globally to suppress this message
[Wed Sep 09 17:12:11.205254 2020] [mpm_prefork:notice] [pid 1] AH00163: Apache/2.4.38 (Debian) PHP/7.4.0 configured -- resuming normal operations
[Wed Sep 09 17:12:11.205319 2020] [core:notice] [pid 1] AH00094: Command line: 'apache2 -D FOREGROUND'
[Wed Sep 09 19:20:55.043721 2020] [mpm_prefork:notice] [pid 1] AH00170: caught SIGWINCH, shutting down gracefully
AH00558: apache2: Could not reliably determine the server's fully qualified domain name, using 172.18.0.3. Set the 'ServerName' directive globally to suppress this message
[Thu Sep 10 14:07:47.718320 2020] [mpm_prefork:notice] [pid 1] AH00163: Apache/2.4.38 (Debian) PHP/7.4.0 configured -- resuming normal operations
[Thu Sep 10 14:07:47.718382 2020] [core:notice] [pid 1] AH00094: Command line: 'apache2 -D FOREGROUND'
[Mon Sep 14 04:40:01.858920 2020] [mpm_prefork:notice] [pid 1] AH00170: caught SIGWINCH, shutting down gracefully
AH00558: apache2: Could not reliably determine the server's fully qualified domain name, using 172.18.0.4. Set the 'ServerName' directive globally to suppress this message
[Mon Sep 14 13:21:48.708087 2020] [mpm_prefork:notice] [pid 1] AH00163: Apache/2.4.38 (Debian) PHP/7.4.0 configured -- resuming normal operations
[Mon Sep 14 13:21:48.708197 2020] [core:notice] [pid 1] AH00094: Command line: 'apache2 -D FOREGROUND'
[Mon Sep 14 13:49:58.471599 2020] [mpm_prefork:notice] [pid 1] AH00170: caught SIGWINCH, shutting down gracefully
AH00558: apache2: Could not reliably determine the server's fully qualified domain name, using 172.18.0.4. Set the 'ServerName' directive globally to suppress this message
[Mon Sep 14 13:50:25.948070 2020] [mpm_prefork:notice] [pid 1] AH00163: Apache/2.4.38 (Debian) PHP/7.4.0 configured -- resuming normal operations
[Mon Sep 14 13:50:25.948110 2020] [core:notice] [pid 1] AH00094: Command line: 'apache2 -D FOREGROUND'
[Mon Sep 14 17:06:00.884246 2020] [mpm_prefork:notice] [pid 1] AH00170: caught SIGWINCH, shutting down gracefully
AH00558: apache2: Could not reliably determine the server's fully qualified domain name, using 172.18.0.3. Set the 'ServerName' directive globally to suppress this message
[Mon Sep 14 19:27:56.474777 2020] [mpm_prefork:notice] [pid 1] AH00163: Apache/2.4.38 (Debian) PHP/7.4.0 configured -- resuming normal operations
[Mon Sep 14 19:27:56.474818 2020] [core:notice] [pid 1] AH00094: Command line: 'apache2 -D FOREGROUND'
[Tue Sep 15 20:30:38.487936 2020] [mpm_prefork:notice] [pid 1] AH00170: caught SIGWINCH, shutting down gracefully
AH00558: apache2: Could not reliably determine the server's fully qualified domain name, using 172.18.0.4. Set the 'ServerName' directive globally to suppress this message
[Wed Sep 16 16:48:42.750763 2020] [mpm_prefork:notice] [pid 1] AH00163: Apache/2.4.38 (Debian) PHP/7.4.0 configured -- resuming normal operations
[Wed Sep 16 16:48:42.750816 2020] [core:notice] [pid 1] AH00094: Command line: 'apache2 -D FOREGROUND'
[Wed Sep 16 17:45:02.056574 2020] [mpm_prefork:notice] [pid 1] AH00170: caught SIGWINCH, shutting down gracefully
AH00558: apache2: Could not reliably determine the server's fully qualified domain name, using 172.18.0.5. Set the 'ServerName' directive globally to suppress this message
[Thu Sep 17 22:50:11.346866 2020] [mpm_prefork:notice] [pid 1] AH00163: Apache/2.4.38 (Debian) PHP/7.4.0 configured -- resuming normal operations
[Thu Sep 17 22:50:11.346908 2020] [core:notice] [pid 1] AH00094: Command line: 'apache2 -D FOREGROUND'
[Thu Sep 17 22:58:40.406710 2020] [mpm_prefork:notice] [pid 1] AH00170: caught SIGWINCH, shutting down gracefully
AH00558: apache2: Could not reliably determine the server's fully qualified domain name, using 172.18.0.5. Set the 'ServerName' directive globally to suppress this message
[Fri Sep 18 03:00:56.502265 2020] [mpm_prefork:notice] [pid 1] AH00163: Apache/2.4.38 (Debian) PHP/7.4.0 configured -- resuming normal operations
[Fri Sep 18 03:00:56.502332 2020] [core:notice] [pid 1] AH00094: Command line: 'apache2 -D FOREGROUND'
[Fri Sep 18 04:19:57.573899 2020] [mpm_prefork:notice] [pid 1] AH00170: caught SIGWINCH, shutting down gracefully
AH00558: apache2: Could not reliably determine the server's fully qualified domain name, using 172.18.0.5. Set the 'ServerName' directive globally to suppress this message
[Fri Sep 18 13:30:30.977898 2020] [mpm_prefork:notice] [pid 1] AH00163: Apache/2.4.38 (Debian) PHP/7.4.0 configured -- resuming normal operations
[Fri Sep 18 13:30:30.977957 2020] [core:notice] [pid 1] AH00094: Command line: 'apache2 -D FOREGROUND'
[Tue Sep 22 13:50:11.956224 2020] [mpm_prefork:notice] [pid 1] AH00170: caught SIGWINCH, shutting down gracefully
AH00558: apache2: Could not reliably determine the server's fully qualified domain name, using 172.18.0.5. Set the 'ServerName' directive globally to suppress this message
[Tue Sep 22 21:26:24.516519 2020] [mpm_prefork:notice] [pid 1] AH00163: Apache/2.4.38 (Debian) PHP/7.4.0 configured -- resuming normal operations
[Tue Sep 22 21:26:24.516554 2020] [core:notice] [pid 1] AH00094: Command line: 'apache2 -D FOREGROUND'
[Tue Sep 22 21:58:19.687078 2020] [mpm_prefork:notice] [pid 1] AH00170: caught SIGWINCH, shutting down gracefully
AH00558: apache2: Could not reliably determine the server's fully qualified domain name, using 172.18.0.5. Set the 'ServerName' directive globally to suppress this message
[Tue Sep 22 22:24:27.097134 2020] [mpm_prefork:notice] [pid 1] AH00163: Apache/2.4.38 (Debian) PHP/7.4.0 configured -- resuming normal operations
[Tue Sep 22 22:24:27.097196 2020] [core:notice] [pid 1] AH00094: Command line: 'apache2 -D FOREGROUND'
[Wed Sep 23 13:26:38.485300 2020] [mpm_prefork:notice] [pid 1] AH00170: caught SIGWINCH, shutting down gracefully
AH00558: apache2: Could not reliably determine the server's fully qualified domain name, using 172.18.0.2. Set the 'ServerName' directive globally to suppress this message
[Wed Sep 23 14:21:48.111436 2020] [mpm_prefork:notice] [pid 1] AH00163: Apache/2.4.38 (Debian) PHP/7.4.0 configured -- resuming normal operations
[Wed Sep 23 14:21:48.111492 2020] [core:notice] [pid 1] AH00094: Command line: 'apache2 -D FOREGROUND'
AH00558: apache2: Could not reliably determine the server's fully qualified domain name, using 172.18.0.5. Set the 'ServerName' directive globally to suppress this message
[Thu Sep 24 21:03:30.581547 2020] [mpm_prefork:notice] [pid 1] AH00163: Apache/2.4.38 (Debian) PHP/7.4.0 configured -- resuming normal operations
[Thu Sep 24 21:03:30.581782 2020] [core:notice] [pid 1] AH00094: Command line: 'apache2 -D FOREGROUND'
[Fri Sep 25 14:08:52.890063 2020] [mpm_prefork:notice] [pid 1] AH00170: caught SIGWINCH, shutting down gracefully
AH00558: apache2: Could not reliably determine the server's fully qualified domain name, using 172.18.0.6. Set the 'ServerName' directive globally to suppress this message
[Mon Sep 28 17:35:47.722617 2020] [mpm_prefork:notice] [pid 1] AH00163: Apache/2.4.38 (Debian) PHP/7.4.0 configured -- resuming normal operations
[Mon Sep 28 17:35:47.722665 2020] [core:notice] [pid 1] AH00094: Command line: 'apache2 -D FOREGROUND'
[Tue Sep 29 14:03:06.762303 2020] [mpm_prefork:notice] [pid 1] AH00170: caught SIGWINCH, shutting down gracefully
AH00558: apache2: Could not reliably determine the server's fully qualified domain name, using 172.18.0.5. Set the 'ServerName' directive globally to suppress this message
[Mon Oct 05 14:09:57.671062 2020] [mpm_prefork:notice] [pid 1] AH00163: Apache/2.4.38 (Debian) PHP/7.4.0 configured -- resuming normal operations
[Mon Oct 05 14:09:57.671102 2020] [core:notice] [pid 1] AH00094: Command line: 'apache2 -D FOREGROUND'
[Mon Oct 05 14:15:00.349344 2020] [mpm_prefork:notice] [pid 1] AH00170: caught SIGWINCH, shutting down gracefully
AH00558: apache2: Could not reliably determine the server's fully qualified domain name, using 172.18.0.3. Set the 'ServerName' directive globally to suppress this message
[Mon Oct 05 15:59:39.750300 2020] [mpm_prefork:notice] [pid 1] AH00163: Apache/2.4.38 (Debian) PHP/7.4.0 configured -- resuming normal operations
[Mon Oct 05 15:59:39.750350 2020] [core:notice] [pid 1] AH00094: Command line: 'apache2 -D FOREGROUND'
[Mon Oct 05 19:14:21.833340 2020] [mpm_prefork:notice] [pid 1] AH00170: caught SIGWINCH, shutting down gracefully
AH00558: apache2: Could not reliably determine the server's fully qualified domain name, using 172.18.0.2. Set the 'ServerName' directive globally to suppress this message
[Tue Oct 06 03:06:16.657765 2020] [mpm_prefork:notice] [pid 1] AH00163: Apache/2.4.38 (Debian) PHP/7.4.0 configured -- resuming normal operations
[Tue Oct 06 03:06:16.657815 2020] [core:notice] [pid 1] AH00094: Command line: 'apache2 -D FOREGROUND'
[Tue Oct 06 03:46:17.910831 2020] [mpm_prefork:notice] [pid 1] AH00170: caught SIGWINCH, shutting down gracefully
AH00558: apache2: Could not reliably determine the server's fully qualified domain name, using 172.18.0.5. Set the 'ServerName' directive globally to suppress this message
[Tue Oct 06 13:20:44.714634 2020] [mpm_prefork:notice] [pid 1] AH00163: Apache/2.4.38 (Debian) PHP/7.4.0 configured -- resuming normal operations
[Tue Oct 06 13:20:44.714692 2020] [core:notice] [pid 1] AH00094: Command line: 'apache2 -D FOREGROUND'
[Tue Oct 06 17:00:43.232627 2020] [mpm_prefork:notice] [pid 1] AH00170: caught SIGWINCH, shutting down gracefully
AH00558: apache2: Could not reliably determine the server's fully qualified domain name, using 172.18.0.3. Set the 'ServerName' directive globally to suppress this message
[Tue Oct 06 23:03:47.701217 2020] [mpm_prefork:notice] [pid 1] AH00163: Apache/2.4.38 (Debian) PHP/7.4.0 configured -- resuming normal operations
[Tue Oct 06 23:03:47.701273 2020] [core:notice] [pid 1] AH00094: Command line: 'apache2 -D FOREGROUND'
[Wed Oct 07 01:51:35.338756 2020] [mpm_prefork:notice] [pid 1] AH00170: caught SIGWINCH, shutting down gracefully
AH00558: apache2: Could not reliably determine the server's fully qualified domain name, using 172.18.0.5. Set the 'ServerName' directive globally to suppress this message
[Wed Oct 07 20:33:10.961173 2020] [mpm_prefork:notice] [pid 1] AH00163: Apache/2.4.38 (Debian) PHP/7.4.0 configured -- resuming normal operations
[Wed Oct 07 20:33:10.961207 2020] [core:notice] [pid 1] AH00094: Command line: 'apache2 -D FOREGROUND'
[Wed Oct 07 23:45:11.556281 2020] [mpm_prefork:notice] [pid 1] AH00170: caught SIGWINCH, shutting down gracefully
AH00558: apache2: Could not reliably determine the server's fully qualified domain name, using 172.18.0.5. Set the 'ServerName' directive globally to suppress this message
[Fri Oct 16 13:46:28.694865 2020] [mpm_prefork:notice] [pid 1] AH00163: Apache/2.4.38 (Debian) PHP/7.4.0 configured -- resuming normal operations
[Fri Oct 16 13:46:28.694917 2020] [core:notice] [pid 1] AH00094: Command line: 'apache2 -D FOREGROUND'
[Fri Oct 16 14:00:33.243480 2020] [mpm_prefork:notice] [pid 1] AH00170: caught SIGWINCH, shutting down gracefully
AH00558: apache2: Could not reliably determine the server's fully qualified domain name, using 172.18.0.5. Set the 'ServerName' directive globally to suppress this message
[Fri Oct 16 15:56:33.412899 2020] [mpm_prefork:notice] [pid 1] AH00163: Apache/2.4.38 (Debian) PHP/7.4.0 configured -- resuming normal operations
[Fri Oct 16 15:56:33.412942 2020] [core:notice] [pid 1] AH00094: Command line: 'apache2 -D FOREGROUND'
AH00558: apache2: Could not reliably determine the server's fully qualified domain name, using 172.18.0.3. Set the 'ServerName' directive globally to suppress this message
[Fri Oct 16 21:59:31.463598 2020] [mpm_prefork:notice] [pid 1] AH00163: Apache/2.4.38 (Debian) PHP/7.4.0 configured -- resuming normal operations
[Fri Oct 16 21:59:31.463639 2020] [core:notice] [pid 1] AH00094: Command line: 'apache2 -D FOREGROUND'
[Sat Oct 17 04:11:55.820387 2020] [mpm_prefork:notice] [pid 1] AH00170: caught SIGWINCH, shutting down gracefully
AH00558: apache2: Could not reliably determine the server's fully qualified domain name, using 172.18.0.5. Set the 'ServerName' directive globally to suppress this message
[Sat Oct 17 21:35:53.630532 2020] [mpm_prefork:notice] [pid 1] AH00163: Apache/2.4.38 (Debian) PHP/7.4.0 configured -- resuming normal operations
[Sat Oct 17 21:35:53.630680 2020] [core:notice] [pid 1] AH00094: Command line: 'apache2 -D FOREGROUND'
[Sun Oct 18 04:45:01.462331 2020] [mpm_prefork:notice] [pid 1] AH00170: caught SIGWINCH, shutting down gracefully
AH00558: apache2: Could not reliably determine the server's fully qualified domain name, using 172.18.0.5. Set the 'ServerName' directive globally to suppress this message
[Sun Oct 18 15:01:34.069264 2020] [mpm_prefork:notice] [pid 1] AH00163: Apache/2.4.38 (Debian) PHP/7.4.0 configured -- resuming normal operations
[Sun Oct 18 15:01:34.069332 2020] [core:notice] [pid 1] AH00094: Command line: 'apache2 -D FOREGROUND'
[Mon Oct 19 03:15:09.925849 2020] [mpm_prefork:notice] [pid 1] AH00170: caught SIGWINCH, shutting down gracefully
AH00558: apache2: Could not reliably determine the server's fully qualified domain name, using 172.18.0.3. Set the 'ServerName' directive globally to suppress this message
[Mon Oct 19 13:28:40.215637 2020] [mpm_prefork:notice] [pid 1] AH00163: Apache/2.4.38 (Debian) PHP/7.4.0 configured -- resuming normal operations
[Mon Oct 19 13:28:40.215695 2020] [core:notice] [pid 1] AH00094: Command line: 'apache2 -D FOREGROUND'
[Mon Oct 19 13:57:19.472521 2020] [mpm_prefork:notice] [pid 1] AH00170: caught SIGWINCH, shutting down gracefully
AH00558: apache2: Could not reliably determine the server's fully qualified domain name, using 172.18.0.5. Set the 'ServerName' directive globally to suppress this message
[Mon Oct 19 22:49:22.617886 2020] [mpm_prefork:notice] [pid 1] AH00163: Apache/2.4.38 (Debian) PHP/7.3.10 configured -- resuming normal operations
[Mon Oct 19 22:49:22.617958 2020] [core:notice] [pid 1] AH00094: Command line: 'apache2 -D FOREGROUND'
[Mon Oct 19 22:58:26.184431 2020] [mpm_prefork:notice] [pid 1] AH00170: caught SIGWINCH, shutting down gracefully
AH00558: apache2: Could not reliably determine the server's fully qualified domain name, using 172.18.0.3. Set the 'ServerName' directive globally to suppress this message
[Mon Oct 19 23:05:31.726131 2020] [mpm_prefork:notice] [pid 1] AH00163: Apache/2.4.38 (Debian) PHP/7.3.10 configured -- resuming normal operations
[Mon Oct 19 23:05:31.726185 2020] [core:notice] [pid 1] AH00094: Command line: 'apache2 -D FOREGROUND'
[Tue Oct 20 00:49:03.974265 2020] [mpm_prefork:notice] [pid 1] AH00170: caught SIGWINCH, shutting down gracefully
AH00558: apache2: Could not reliably determine the server's fully qualified domain name, using 172.18.0.5. Set the 'ServerName' directive globally to suppress this message
[Thu Oct 22 21:34:10.561677 2020] [mpm_prefork:notice] [pid 1] AH00163: Apache/2.4.38 (Debian) PHP/7.3.10 configured -- resuming normal operations
[Thu Oct 22 21:34:10.561717 2020] [core:notice] [pid 1] AH00094: Command line: 'apache2 -D FOREGROUND'
[Thu Oct 22 21:45:18.082365 2020] [mpm_prefork:notice] [pid 1] AH00170: caught SIGWINCH, shutting down gracefully
AH00558: apache2: Could not reliably determine the server's fully qualified domain name, using 172.18.0.5. Set the 'ServerName' directive globally to suppress this message
[Tue Oct 27 14:41:38.894423 2020] [mpm_prefork:notice] [pid 1] AH00163: Apache/2.4.38 (Debian) PHP/7.3.10 configured -- resuming normal operations
[Tue Oct 27 14:41:38.894459 2020] [core:notice] [pid 1] AH00094: Command line: 'apache2 -D FOREGROUND'
[Tue Oct 27 14:51:30.476680 2020] [core:notice] [pid 1] AH00051: child pid 19 exit signal Segmentation fault (11), possible coredump in /etc/apache2
[Tue Oct 27 14:52:40.545843 2020] [core:notice] [pid 1] AH00051: child pid 22 exit signal Segmentation fault (11), possible coredump in /etc/apache2
[Tue Oct 27 14:52:51.495304 2020] [mpm_prefork:notice] [pid 1] AH00170: caught SIGWINCH, shutting down gracefully
AH00558: apache2: Could not reliably determine the server's fully qualified domain name, using 172.18.0.5. Set the 'ServerName' directive globally to suppress this message
[Tue Oct 27 14:53:02.513169 2020] [mpm_prefork:notice] [pid 1] AH00163: Apache/2.4.38 (Debian) PHP/7.4.0 configured -- resuming normal operations
[Tue Oct 27 14:53:02.513228 2020] [core:notice] [pid 1] AH00094: Command line: 'apache2 -D FOREGROUND'
[Tue Oct 27 14:53:12.521612 2020] [core:notice] [pid 1] AH00051: child pid 17 exit signal Segmentation fault (11), possible coredump in /etc/apache2
[Tue Oct 27 14:53:29.695243 2020] [mpm_prefork:notice] [pid 1] AH00170: caught SIGWINCH, shutting down gracefully
AH00558: apache2: Could not reliably determine the server's fully qualified domain name, using 172.18.0.5. Set the 'ServerName' directive globally to suppress this message
[Tue Oct 27 14:57:31.542398 2020] [mpm_prefork:notice] [pid 1] AH00163: Apache/2.4.38 (Debian) PHP/7.4.0 configured -- resuming normal operations
[Tue Oct 27 14:57:31.542456 2020] [core:notice] [pid 1] AH00094: Command line: 'apache2 -D FOREGROUND'
[Tue Oct 27 14:57:44.555569 2020] [core:notice] [pid 1] AH00051: child pid 17 exit signal Segmentation fault (11), possible coredump in /etc/apache2
[Tue Oct 27 14:58:15.585652 2020] [core:notice] [pid 1] AH00051: child pid 20 exit signal Segmentation fault (11), possible coredump in /etc/apache2
[Tue Oct 27 14:59:16.649013 2020] [core:notice] [pid 1] AH00051: child pid 24 exit signal Segmentation fault (11), possible coredump in /etc/apache2
[Tue Oct 27 14:59:40.670086 2020] [core:notice] [pid 1] AH00051: child pid 26 exit signal Segmentation fault (11), possible coredump in /etc/apache2
[Tue Oct 27 15:22:56.100013 2020] [mpm_prefork:notice] [pid 1] AH00170: caught SIGWINCH, shutting down gracefully
AH00558: apache2: Could not reliably determine the server's fully qualified domain name, using 172.18.0.4. Set the 'ServerName' directive globally to suppress this message
[Sun Nov 01 22:15:44.781114 2020] [mpm_prefork:notice] [pid 1] AH00163: Apache/2.4.38 (Debian) PHP/7.3.10 configured -- resuming normal operations
[Sun Nov 01 22:15:44.781168 2020] [core:notice] [pid 1] AH00094: Command line: 'apache2 -D FOREGROUND'
AH00558: apache2: Could not reliably determine the server's fully qualified domain name, using 172.18.0.5. Set the 'ServerName' directive globally to suppress this message
[Wed Nov 04 23:18:33.880227 2020] [mpm_prefork:notice] [pid 1] AH00163: Apache/2.4.38 (Debian) PHP/7.3.10 configured -- resuming normal operations
[Wed Nov 04 23:18:33.880277 2020] [core:notice] [pid 1] AH00094: Command line: 'apache2 -D FOREGROUND'
[Wed Nov 04 23:31:40.662084 2020] [mpm_prefork:notice] [pid 1] AH00170: caught SIGWINCH, shutting down gracefully
AH00558: apache2: Could not reliably determine the server's fully qualified domain name, using 172.18.0.5. Set the 'ServerName' directive globally to suppress this message
[Fri Nov 06 14:14:31.461647 2020] [mpm_prefork:notice] [pid 1] AH00163: Apache/2.4.38 (Debian) PHP/7.3.10 configured -- resuming normal operations
[Fri Nov 06 14:14:31.461695 2020] [core:notice] [pid 1] AH00094: Command line: 'apache2 -D FOREGROUND'
[Fri Nov 06 14:58:33.777062 2020] [mpm_prefork:notice] [pid 1] AH00170: caught SIGWINCH, shutting down gracefully
AH00558: apache2: Could not reliably determine the server's fully qualified domain name, using 172.18.0.5. Set the 'ServerName' directive globally to suppress this message
[Sun Nov 08 19:06:24.596027 2020] [mpm_prefork:notice] [pid 1] AH00163: Apache/2.4.38 (Debian) PHP/7.3.10 configured -- resuming normal operations
[Sun Nov 08 19:06:24.596071 2020] [core:notice] [pid 1] AH00094: Command line: 'apache2 -D FOREGROUND'
[Mon Nov 09 04:57:59.050049 2020] [mpm_prefork:notice] [pid 1] AH00170: caught SIGWINCH, shutting down gracefully
AH00558: apache2: Could not reliably determine the server's fully qualified domain name, using 172.18.0.3. Set the 'ServerName' directive globally to suppress this message
[Mon Nov 09 13:35:31.864064 2020] [mpm_prefork:notice] [pid 1] AH00163: Apache/2.4.38 (Debian) PHP/7.3.10 configured -- resuming normal operations
[Mon Nov 09 13:35:31.864182 2020] [core:notice] [pid 1] AH00094: Command line: 'apache2 -D FOREGROUND'
[Mon Nov 09 13:38:29.710943 2020] [mpm_prefork:notice] [pid 1] AH00170: caught SIGWINCH, shutting down gracefully
AH00558: apache2: Could not reliably determine the server's fully qualified domain name, using 172.18.0.3. Set the 'ServerName' directive globally to suppress this message
[Tue Nov 10 02:31:50.073204 2020] [mpm_prefork:notice] [pid 1] AH00163: Apache/2.4.38 (Debian) PHP/7.3.10 configured -- resuming normal operations
[Tue Nov 10 02:31:50.073273 2020] [core:notice] [pid 1] AH00094: Command line: 'apache2 -D FOREGROUND'
[Tue Nov 10 02:43:19.655911 2020] [mpm_prefork:notice] [pid 1] AH00170: caught SIGWINCH, shutting down gracefully
AH00558: apache2: Could not reliably determine the server's fully qualified domain name, using 172.18.0.5. Set the 'ServerName' directive globally to suppress this message
[Tue Nov 10 13:39:44.104389 2020] [mpm_prefork:notice] [pid 1] AH00163: Apache/2.4.38 (Debian) PHP/7.3.10 configured -- resuming normal operations
[Tue Nov 10 13:39:44.104448 2020] [core:notice] [pid 1] AH00094: Command line: 'apache2 -D FOREGROUND'
[Tue Nov 10 13:53:12.388607 2020] [mpm_prefork:notice] [pid 1] AH00170: caught SIGWINCH, shutting down gracefully
AH00558: apache2: Could not reliably determine the server's fully qualified domain name, using 172.18.0.5. Set the 'ServerName' directive globally to suppress this message
[Wed Nov 11 03:07:44.905310 2020] [mpm_prefork:notice] [pid 1] AH00163: Apache/2.4.38 (Debian) PHP/7.3.10 configured -- resuming normal operations
[Wed Nov 11 03:07:44.905360 2020] [core:notice] [pid 1] AH00094: Command line: 'apache2 -D FOREGROUND'
AH00558: apache2: Could not reliably determine the server's fully qualified domain name, using 172.18.0.5. Set the 'ServerName' directive globally to suppress this message
[Tue Nov 17 13:28:13.124873 2020] [mpm_prefork:notice] [pid 1] AH00163: Apache/2.4.38 (Debian) PHP/7.3.10 configured -- resuming normal operations
[Tue Nov 17 13:28:13.124928 2020] [core:notice] [pid 1] AH00094: Command line: 'apache2 -D FOREGROUND'
[Tue Nov 17 14:14:27.593008 2020] [mpm_prefork:notice] [pid 1] AH00170: caught SIGWINCH, shutting down gracefully
AH00558: apache2: Could not reliably determine the server's fully qualified domain name, using 172.18.0.5. Set the 'ServerName' directive globally to suppress this message
[Wed Nov 18 19:27:55.229385 2020] [mpm_prefork:notice] [pid 1] AH00163: Apache/2.4.38 (Debian) PHP/7.3.10 configured -- resuming normal operations
[Wed Nov 18 19:27:55.229454 2020] [core:notice] [pid 1] AH00094: Command line: 'apache2 -D FOREGROUND'
[Wed Nov 18 21:51:18.482365 2020] [mpm_prefork:notice] [pid 1] AH00170: caught SIGWINCH, shutting down gracefully
AH00558: apache2: Could not reliably determine the server's fully qualified domain name, using 172.18.0.4. Set the 'ServerName' directive globally to suppress this message
[Mon Nov 30 00:02:42.361353 2020] [mpm_prefork:notice] [pid 1] AH00163: Apache/2.4.38 (Debian) PHP/7.3.10 configured -- resuming normal operations
[Mon Nov 30 00:02:42.361396 2020] [core:notice] [pid 1] AH00094: Command line: 'apache2 -D FOREGROUND'
AH00558: apache2: Could not reliably determine the server's fully qualified domain name, using 172.18.0.5. Set the 'ServerName' directive globally to suppress this message
[Tue Dec 01 02:32:04.711985 2020] [mpm_prefork:notice] [pid 1] AH00163: Apache/2.4.38 (Debian) PHP/7.3.10 configured -- resuming normal operations
[Tue Dec 01 02:32:04.712058 2020] [core:notice] [pid 1] AH00094: Command line: 'apache2 -D FOREGROUND'
